# JRE version: Java(TM) SE Runtime Environment (8.0_181-b13) (build 1.8.0_181-b13)
# Java VM: Java HotSpot(TM) 64-Bit Server VM (25.181-b13 mixed mode bsd-amd64 compressed oops)
Heap:
 PSYoungGen      total 39424K, used 9795K [0x0000000795580000, 0x0000000798480000, 0x00000007c0000000)
  eden space 31744K, 19% used [0x0000000795580000,0x0000000795bb0478,0x0000000797480000)
  from space 7680K, 45% used [0x0000000797500000,0x0000000797860988,0x0000000797c80000)
  to   space 8192K, 0% used [0x0000000797c80000,0x0000000797c80000,0x0000000798480000)
 ParOldGen       total 87552K, used 5433K [0x0000000740000000, 0x0000000745580000, 0x0000000795580000)
  object space 87552K, 6% used [0x0000000740000000,0x000000074054e608,0x0000000745580000)
 Metaspace       used 18745K, capacity 19558K, committed 19840K, reserved 1067008K
  class space    used 2362K, capacity 2579K, committed 2688K, reserved 1048576K
GC Heap History (10 events):
Event: 4.105 GC heap before
{Heap before GC invocations=3 (full 0):
 PSYoungGen      total 38400K, used 37529K [0x0000000795580000, 0x0000000798000000, 0x00000007c0000000)
  eden space 33280K, 100% used [0x0000000795580000,0x0000000797600000,0x0000000797600000)
  from space 5120K, 82% used [0x0000000797b00000,0x0000000797f26438,0x0000000798000000)
  to   space 5120K, 0% used [0x0000000797600000,0x0000000797600000,0x0000000797b00000)
 ParOldGen       total 87552K, used 16K [0x0000000740000000, 0x0000000745580000, 0x0000000795580000)
  object space 87552K, 0% used [0x0000000740000000,0x0000000740004000,0x0000000745580000)
 Metaspace       used 14704K, capacity 15076K, committed 15232K, reserved 1062912K
  class space    used 1811K, capacity 1916K, committed 1920K, reserved 1048576K
Event: 4.113 GC heap after
Heap after GC invocations=3 (full 0):
 PSYoungGen      total 38400K, used 5090K [0x0000000795580000, 0x0000000798000000, 0x00000007c0000000)
  eden space 33280K, 0% used [0x0000000795580000,0x0000000795580000,0x0000000797600000)
  from space 5120K, 99% used [0x0000000797600000,0x0000000797af8a18,0x0000000797b00000)
  to   space 5120K, 0% used [0x0000000797b00000,0x0000000797b00000,0x0000000798000000)
 ParOldGen       total 87552K, used 726K [0x0000000740000000, 0x0000000745580000, 0x0000000795580000)
  object space 87552K, 0% used [0x0000000740000000,0x00000007400b5bf0,0x0000000745580000)
 Metaspace       used 14704K, capacity 15076K, committed 15232K, reserved 1062912K
  class space    used 1811K, capacity 1916K, committed 1920K, reserved 1048576K
}
Event: 9.102 GC heap before
{Heap before GC invocations=4 (full 0):
 PSYoungGen      total 38400K, used 38370K [0x0000000795580000, 0x0000000798000000, 0x00000007c0000000)
  eden space 33280K, 100% used [0x0000000795580000,0x0000000797600000,0x0000000797600000)
  from space 5120K, 99% used [0x0000000797600000,0x0000000797af8a18,0x0000000797b00000)
  to   space 5120K, 0% used [0x0000000797b00000,0x0000000797b00000,0x0000000798000000)
 ParOldGen       total 87552K, used 726K [0x0000000740000000, 0x0000000745580000, 0x0000000795580000)
  object space 87552K, 0% used [0x0000000740000000,0x00000007400b5bf0,0x0000000745580000)
 Metaspace       used 17407K, capacity 18092K, committed 18304K, reserved 1064960K
  class space    used 2216K, capacity 2410K, committed 2432K, reserved 1048576K
Event: 9.110 GC heap after
Heap after GC invocations=4 (full 0):
 PSYoungGen      total 38400K, used 5114K [0x0000000795580000, 0x0000000798000000, 0x00000007c0000000)
  eden space 33280K, 0% used [0x0000000795580000,0x0000000795580000,0x0000000797600000)
  from space 5120K, 99% used [0x0000000797b00000,0x0000000797ffe9c0,0x0000000798000000)
  to   space 5120K, 0% used [0x0000000797600000,0x0000000797600000,0x0000000797b00000)
 ParOldGen       total 87552K, used 2301K [0x0000000740000000, 0x0000000745580000, 0x0000000795580000)
  object space 87552K, 2% used [0x0000000740000000,0x000000074023f660,0x0000000745580000)
 Metaspace       used 17407K, capacity 18092K, committed 18304K, reserved 1064960K
  class space    used 2216K, capacity 2410K, committed 2432K, reserved 1048576K
}
Event: 37.110 GC heap before
{Heap before GC invocations=5 (full 0):
 PSYoungGen      total 38400K, used 38394K [0x0000000795580000, 0x0000000798000000, 0x00000007c0000000)
  eden space 33280K, 100% used [0x0000000795580000,0x0000000797600000,0x0000000797600000)
  from space 5120K, 99% used [0x0000000797b00000,0x0000000797ffe9c0,0x0000000798000000)
  to   space 5120K, 0% used [0x0000000797600000,0x0000000797600000,0x0000000797b00000)
 ParOldGen       total 87552K, used 2301K [0x0000000740000000, 0x0000000745580000, 0x0000000795580000)
  object space 87552K, 2% used [0x0000000740000000,0x000000074023f660,0x0000000745580000)
 Metaspace       used 18307K, capacity 19070K, committed 19200K, reserved 1067008K
  class space    used 2330K, capacity 2533K, committed 2560K, reserved 1048576K
Event: 37.119 GC heap after
Heap after GC invocations=5 (full 0):
 PSYoungGen      total 37888K, used 5114K [0x0000000795580000, 0x0000000798580000, 0x00000007c0000000)
  eden space 32768K, 0% used [0x0000000795580000,0x0000000795580000,0x0000000797580000)
  from space 5120K, 99% used [0x0000000797600000,0x0000000797afead8,0x0000000797b00000)
  to   space 8192K, 0% used [0x0000000797d80000,0x0000000797d80000,0x0000000798580000)
 ParOldGen       total 87552K, used 3309K [0x0000000740000000, 0x0000000745580000, 0x0000000795580000)
  object space 87552K, 3% used [0x0000000740000000,0x000000074033b680,0x0000000745580000)
 Metaspace       used 18307K, capacity 19070K, committed 19200K, reserved 1067008K
  class space    used 2330K, capacity 2533K, committed 2560K, reserved 1048576K
}
Event: 41.376 GC heap before
{Heap before GC invocations=6 (full 0):
 PSYoungGen      total 37888K, used 37855K [0x0000000795580000, 0x0000000798580000, 0x00000007c0000000)
  eden space 32768K, 99% used [0x0000000795580000,0x0000000797579478,0x0000000797580000)
  from space 5120K, 99% used [0x0000000797600000,0x0000000797afead8,0x0000000797b00000)
  to   space 8192K, 0% used [0x0000000797d80000,0x0000000797d80000,0x0000000798580000)
 ParOldGen       total 87552K, used 3309K [0x0000000740000000, 0x0000000745580000, 0x0000000795580000)
  object space 87552K, 3% used [0x0000000740000000,0x000000074033b680,0x0000000745580000)
 Metaspace       used 18364K, capacity 19138K, committed 19200K, reserved 1067008K
  class space    used 2330K, capacity 2533K, committed 2560K, reserved 1048576K
Event: 41.389 GC heap after
Heap after GC invocations=6 (full 0):
 PSYoungGen      total 38912K, used 5533K [0x0000000795580000, 0x0000000798400000, 0x00000007c0000000)
  eden space 32256K, 0% used [0x0000000795580000,0x0000000795580000,0x0000000797500000)
  from space 6656K, 83% used [0x0000000797d80000,0x00000007982e75a8,0x0000000798400000)
  to   space 7680K, 0% used [0x0000000797500000,0x0000000797500000,0x0000000797c80000)
 ParOldGen       total 87552K, used 3317K [0x0000000740000000, 0x0000000745580000, 0x0000000795580000)
  object space 87552K, 3% used [0x0000000740000000,0x000000074033d680,0x0000000745580000)
 Metaspace       used 18364K, capacity 19138K, committed 19200K, reserved 1067008K
  class space    used 2330K, capacity 2533K, committed 2560K, reserved 1048576K
}
Event: 57.123 GC heap before
{Heap before GC invocations=7 (full 0):
 PSYoungGen      total 38912K, used 37789K [0x0000000795580000, 0x0000000798400000, 0x00000007c0000000)
  eden space 32256K, 100% used [0x0000000795580000,0x0000000797500000,0x0000000797500000)
  from space 6656K, 83% used [0x0000000797d80000,0x00000007982e75a8,0x0000000798400000)
  to   space 7680K, 0% used [0x0000000797500000,0x0000000797500000,0x0000000797c80000)
 ParOldGen       total 87552K, used 3317K [0x0000000740000000, 0x0000000745580000, 0x0000000795580000)
  object space 87552K, 3% used [0x0000000740000000,0x000000074033d680,0x0000000745580000)
 Metaspace       used 18532K, capacity 19388K, committed 19456K, reserved 1067008K
  class space    used 2346K, capacity 2546K, committed 2560K, reserved 1048576K
Event: 57.131 GC heap after
Heap after GC invocations=7 (full 0):
 PSYoungGen      total 39424K, used 3458K [0x0000000795580000, 0x0000000798480000, 0x00000007c0000000)
  eden space 31744K, 0% used [0x0000000795580000,0x0000000795580000,0x0000000797480000)
  from space 7680K, 45% used [0x0000000797500000,0x0000000797860988,0x0000000797c80000)
  to   space 8192K, 0% used [0x0000000797c80000,0x0000000797c80000,0x0000000798480000)
 ParOldGen       total 87552K, used 5433K [0x0000000740000000, 0x0000000745580000, 0x0000000795580000)
  object space 87552K, 6% used [0x0000000740000000,0x000000074054e608,0x0000000745580000)
 Metaspace       used 18532K, capacity 19388K, committed 19456K, reserved 1067008K
  class space    used 2346K, capacity 2546K, committed 2560K, reserved 1048576K
}

